<?xml version="1.0" encoding="UTF-8"?>
<!-- Generated by org.testng.reporters.JUnitReportReporter -->
<testsuite hostname="LAPTOP-GGJ4726G" failures="0" tests="1" name="Tests.signUptoFB" time="1.421" errors="0" timestamp="21 Jul 2019 21:35:02 GMT" skipped="0">
  <testcase classname="Tests.signUptoFB" name="init" time="1.421"/>
</testsuite> <!-- Tests.signUptoFB -->
